<?xml version="1.0" encoding="UTF-8"?>
<!-- Generated by org.testng.reporters.JUnitXMLReporter -->
<testsuite ignored="0" hostname="LAPTOP-6KN3HGT8" failures="0" tests="6" name="Test" time="0.09" errors="0" timestamp="2022-03-05T06:14:36 EST">
  <testcase classname="MavenProject.MavenJava.Appium" name="IOSApps" time="0.009"/>
  <testcase classname="MavenProject.MavenJava.Appium" name="NativeAppAndroid" time="0.002"/>
  <testcase classname="MavenProject.MavenJava.Selenium" name="BrowserActivatio" time="0.001"/>
  <testcase classname="MavenProject.MavenJava.Selenium" name="ElementsUi" time="0.001"/>
  <testcase classname="MavenProject.MavenJava.RestAPI" name="DeleteTwitter" time="0.001"/>
  <testcase classname="MavenProject.MavenJava.RestAPI" name="PostJeera" time="0.0"/>
</testsuite> <!-- Test -->
