<?xml version="1.0" encoding="UTF-8"?>
<testng-results ignored="0" total="6" passed="6" failed="0" skipped="0">
  <reporter-output>
  </reporter-output>
  <suite started-at="2022-03-05T06:14:36 EST" name="Suite" finished-at="2022-03-05T06:14:36 EST" duration-ms="90">
    <groups>
    </groups>
    <test started-at="2022-03-05T06:14:36 EST" name="Test" finished-at="2022-03-05T06:14:36 EST" duration-ms="90">
      <class name="MavenProject.MavenJava.Appium">
        <test-method signature="IOSApps()[pri:0, instance:MavenProject.MavenJava.Appium@56528192]" started-at="2022-03-05T06:14:36 EST" name="IOSApps" finished-at="2022-03-05T06:14:36 EST" duration-ms="9" status="PASS">
          <reporter-output>
          </reporter-output>
        </test-method> <!-- IOSApps -->
        <test-method signature="NativeAppAndroid()[pri:0, instance:MavenProject.MavenJava.Appium@56528192]" started-at="2022-03-05T06:14:36 EST" name="NativeAppAndroid" finished-at="2022-03-05T06:14:36 EST" duration-ms="2" status="PASS">
          <reporter-output>
          </reporter-output>
        </test-method> <!-- NativeAppAndroid -->
      </class> <!-- MavenProject.MavenJava.Appium -->
      <class name="MavenProject.MavenJava.Selenium">
        <test-method signature="BrowserActivatio()[pri:0, instance:MavenProject.MavenJava.Selenium@3967e60c]" started-at="2022-03-05T06:14:36 EST" name="BrowserActivatio" finished-at="2022-03-05T06:14:36 EST" duration-ms="1" status="PASS">
          <reporter-output>
          </reporter-output>
        </test-method> <!-- BrowserActivatio -->
        <test-method signature="ElementsUi()[pri:0, instance:MavenProject.MavenJava.Selenium@3967e60c]" started-at="2022-03-05T06:14:36 EST" name="ElementsUi" finished-at="2022-03-05T06:14:36 EST" duration-ms="1" status="PASS">
          <reporter-output>
          </reporter-output>
        </test-method> <!-- ElementsUi -->
      </class> <!-- MavenProject.MavenJava.Selenium -->
      <class name="MavenProject.MavenJava.RestAPI">
        <test-method signature="DeleteTwitter()[pri:0, instance:MavenProject.MavenJava.RestAPI@60d8c9b7]" started-at="2022-03-05T06:14:36 EST" name="DeleteTwitter" finished-at="2022-03-05T06:14:36 EST" duration-ms="1" status="PASS">
          <reporter-output>
          </reporter-output>
        </test-method> <!-- DeleteTwitter -->
        <test-method signature="PostJeera()[pri:0, instance:MavenProject.MavenJava.RestAPI@60d8c9b7]" started-at="2022-03-05T06:14:36 EST" name="PostJeera" finished-at="2022-03-05T06:14:36 EST" duration-ms="0" status="PASS">
          <reporter-output>
          </reporter-output>
        </test-method> <!-- PostJeera -->
      </class> <!-- MavenProject.MavenJava.RestAPI -->
    </test> <!-- Test -->
  </suite> <!-- Suite -->
</testng-results>
