<?xml version="1.0" encoding="UTF-8"?>
<testng-results ignored="0" total="2" passed="2" failed="0" skipped="0">
  <reporter-output>
  </reporter-output>
  <suite started-at="2022-02-28T11:31:35 EST" name="Suite" finished-at="2022-02-28T11:31:35 EST" duration-ms="95">
    <groups>
    </groups>
    <test started-at="2022-02-28T11:31:35 EST" name="Test" finished-at="2022-02-28T11:31:35 EST" duration-ms="95">
      <class name="MavenProject.MavenJava.Selenium">
        <test-method signature="BrowserActivatio()[pri:0, instance:MavenProject.MavenJava.Selenium@355ce81c]" started-at="2022-02-28T11:31:35 EST" name="BrowserActivatio" finished-at="2022-02-28T11:31:35 EST" duration-ms="21" status="PASS">
          <reporter-output>
          </reporter-output>
        </test-method> <!-- BrowserActivatio -->
        <test-method signature="ElementsUi()[pri:0, instance:MavenProject.MavenJava.Selenium@355ce81c]" started-at="2022-02-28T11:31:35 EST" name="ElementsUi" finished-at="2022-02-28T11:31:35 EST" duration-ms="2" status="PASS">
          <reporter-output>
          </reporter-output>
        </test-method> <!-- ElementsUi -->
      </class> <!-- MavenProject.MavenJava.Selenium -->
    </test> <!-- Test -->
  </suite> <!-- Suite -->
</testng-results>
